<?xml version="1.0" encoding="UTF-8"?>
<!-- Generated by org.testng.reporters.JUnitReportReporter -->
<testsuite skipped="0" hostname="RINMAC224" name="com.apptest.runner.TestRunner" tests="1" failures="0" timestamp="20 Nov 2018 17:40:19 GMT" time="20.745" errors="0">
  <testcase name="testCases" time="20.745" classname="com.apptest.runner.TestRunner"/>
</testsuite> <!-- com.apptest.runner.TestRunner -->
